<?xml version="1.0" encoding="UTF-8"?>
<testsuites>
	<testsuite tests="5" errors="0" failures="0" time="0.007" timestamp="2015-03-23T14:30:36">
		<testcase classname="spotifyChart" name="extractTop20Tracks" time="0.002">
		</testcase>
		<testcase classname="spotifyChart" name="extractNumberOfStreams" time="0.001">
		</testcase>
		<testcase classname="spotifyChart" name="extractNames" time="0">
		</testcase>
		<testcase classname="spotifyChart" name="chartData" time="0">
		</testcase>
		<testcase classname="spotifyChart" name="getSpotifyTracks" time="0.001">
		</testcase>
	</testsuite>
</testsuites>

